<?xml version="1.0" encoding="UTF-8"?>
<!-- Generated by org.testng.reporters.JUnitReportReporter -->
<testsuite skipped="0" hostname="AMIL5CG51708BG" name="org.com.testng.Loginpage" tests="1" failures="0" timestamp="11 Jan 2019 10:03:50 GMT" time="98.351" errors="0">
  <testcase name="loginpage" time="98.351" classname="org.com.testng.Loginpage"/>
</testsuite> <!-- org.com.testng.Loginpage -->
